<?xml version="1.0" encoding="UTF-8"?>
<!-- Generated by org.testng.reporters.JUnitXMLReporter -->
<testsuite ignored="0" hostname="user-PC" failures="0" tests="3" name="mytest" time="22.73" errors="0" timestamp="2023-10-13T01:42:28 IST">
  <testcase classname="tesNGPractice.Listners.NopCommerceTests" name="testLogo" time="0.095"/>
  <testcase classname="tesNGPractice.Listners.NopCommerceTests" name="testLogin" time="8.113"/>
  <testcase classname="tesNGPractice.Listners.NopCommerceTests" name="testLogout" time="4.806"/>
</testsuite> <!-- mytest -->
