<?xml version="1.0" encoding="UTF-8"?>
<testng-results ignored="0" total="2" passed="2" failed="0" skipped="0">
  <reporter-output>
  </reporter-output>
  <suite started-at="2024-01-16T19:19:12 IST" name="Suite" finished-at="2024-01-16T19:19:32 IST" duration-ms="19980">
    <groups>
    </groups>
    <test started-at="2024-01-16T19:19:12 IST" name="Test" finished-at="2024-01-16T19:19:32 IST" duration-ms="19980">
      <class name="pom.LoginTest">
        <test-method is-config="true" signature="setup()[pri:0, instance:pom.LoginTest@4f6ee6e4]" started-at="2024-01-16T19:19:12 IST" name="setup" finished-at="2024-01-16T19:19:29 IST" duration-ms="17362" status="PASS">
          <reporter-output>
          </reporter-output>
        </test-method> <!-- setup -->
        <test-method signature="testLogo()[pri:1, instance:pom.LoginTest@4f6ee6e4]" started-at="2024-01-16T19:19:29 IST" name="testLogo" finished-at="2024-01-16T19:19:29 IST" duration-ms="133" status="PASS">
          <reporter-output>
          </reporter-output>
        </test-method> <!-- testLogo -->
        <test-method signature="testLogin()[pri:2, instance:pom.LoginTest@4f6ee6e4]" started-at="2024-01-16T19:19:29 IST" name="testLogin" finished-at="2024-01-16T19:19:31 IST" duration-ms="1962" status="PASS">
          <reporter-output>
          </reporter-output>
        </test-method> <!-- testLogin -->
        <test-method is-config="true" signature="teardown()[pri:0, instance:pom.LoginTest@4f6ee6e4]" started-at="2024-01-16T19:19:31 IST" name="teardown" finished-at="2024-01-16T19:19:32 IST" duration-ms="435" status="PASS">
          <reporter-output>
          </reporter-output>
        </test-method> <!-- teardown -->
      </class> <!-- pom.LoginTest -->
    </test> <!-- Test -->
  </suite> <!-- Suite -->
</testng-results>
