<?xml version="1.0" encoding="UTF-8"?>
<testng-results ignored="0" total="2" passed="2" failed="0" skipped="0">
  <reporter-output>
  </reporter-output>
  <suite started-at="2024-01-16T19:00:49 IST" name="Suite" finished-at="2024-01-16T19:01:07 IST" duration-ms="17911">
    <groups>
    </groups>
    <test started-at="2024-01-16T19:00:49 IST" name="Test" finished-at="2024-01-16T19:01:07 IST" duration-ms="17911">
      <class name="pom.LoginTest">
        <test-method is-config="true" signature="setup()[pri:0, instance:pom.LoginTest@6c6cb480]" started-at="2024-01-16T19:00:50 IST" name="setup" finished-at="2024-01-16T19:01:05 IST" duration-ms="15498" status="PASS">
          <reporter-output>
          </reporter-output>
        </test-method> <!-- setup -->
        <test-method signature="testLogo()[pri:1, instance:pom.LoginTest@6c6cb480]" started-at="2024-01-16T19:01:05 IST" name="testLogo" finished-at="2024-01-16T19:01:05 IST" duration-ms="183" status="PASS">
          <reporter-output>
          </reporter-output>
        </test-method> <!-- testLogo -->
        <test-method signature="testLogin()[pri:2, instance:pom.LoginTest@6c6cb480]" started-at="2024-01-16T19:01:05 IST" name="testLogin" finished-at="2024-01-16T19:01:07 IST" duration-ms="1813" status="PASS">
          <reporter-output>
          </reporter-output>
        </test-method> <!-- testLogin -->
        <test-method is-config="true" signature="teardown()[pri:0, instance:pom.LoginTest@6c6cb480]" started-at="2024-01-16T19:01:07 IST" name="teardown" finished-at="2024-01-16T19:01:07 IST" duration-ms="311" status="PASS">
          <reporter-output>
          </reporter-output>
        </test-method> <!-- teardown -->
      </class> <!-- pom.LoginTest -->
    </test> <!-- Test -->
  </suite> <!-- Suite -->
</testng-results>
